<?xml version="1.0" encoding="UTF-8"?>
<!-- Generated by org.testng.reporters.JUnitReportReporter -->
<testsuite skipped="0" hostname="LAPTOP-U3C8G3RJ" name="pacgittest.CreateContact" tests="1" failures="0" timestamp="2021-03-27T21:25:59 IST" time="0.010" errors="0">
  <testcase name="createContat" time="0.010" classname="pacgittest.CreateContact"/>
  <system-out/>
</testsuite> <!-- pacgittest.CreateContact -->
