<?xml version="1.0" encoding="UTF-8"?>
<!-- Generated by org.testng.reporters.JUnitReportReporter -->
<testsuite skipped="0" hostname="LAPTOP-U3C8G3RJ" name="pacgittest.CreateProductTest" tests="1" failures="0" timestamp="2021-03-28T11:37:12 IST" time="0.006" errors="0">
  <testcase name="createProduct" time="0.006" classname="pacgittest.CreateProductTest"/>
  <system-out/>
</testsuite> <!-- pacgittest.CreateProductTest -->
