<?xml version="1.0" encoding="UTF-8"?>
<!-- Generated by org.testng.reporters.JUnitReportReporter -->
<testsuite skipped="0" hostname="LAPTOP-U3C8G3RJ" name="pacgittest.CreateLeadTest" tests="1" failures="0" timestamp="2021-03-28T11:37:12 IST" time="0.001" errors="0">
  <testcase name="createLead" time="0.001" classname="pacgittest.CreateLeadTest"/>
  <system-out/>
</testsuite> <!-- pacgittest.CreateLeadTest -->
