<?xml version="1.0" encoding="UTF-8"?>
<!-- Generated by org.testng.reporters.JUnitReportReporter -->
<testsuite skipped="0" hostname="LAPTOP-U3C8G3RJ" name="com.testyantra.cropintest.CreateorganizationTest" tests="1" failures="0" timestamp="2021-04-04T19:28:57 IST" time="0.534" errors="0">
  <testcase name="Createorganization" time="0.534" classname="com.testyantra.cropintest.CreateorganizationTest"/>
  <system-out/>
</testsuite> <!-- com.testyantra.cropintest.CreateorganizationTest -->
