<?xml version="1.0" encoding="UTF-8"?>
<!-- Generated by org.testng.reporters.JUnitReportReporter -->
<testsuite skipped="0" hostname="LAPTOP-U3C8G3RJ" name="com.testyantra.cropintest.CreateVendorTest" tests="1" failures="0" timestamp="2021-04-04T19:28:56 IST" time="0.042" errors="0">
  <testcase name="CreateVendor" time="0.042" classname="com.testyantra.cropintest.CreateVendorTest"/>
  <system-out/>
</testsuite> <!-- com.testyantra.cropintest.CreateVendorTest -->
