<?xml version="1.0" encoding="UTF-8"?>
<!-- Generated by org.testng.reporters.JUnitReportReporter -->
<testsuite skipped="0" hostname="LAPTOP-U3C8G3RJ" name="com.testyantra.cropintest.CreateLeadTest" tests="1" failures="0" timestamp="2021-04-04T19:28:57 IST" time="0.058" errors="0">
  <testcase name="CreateLead" time="0.058" classname="com.testyantra.cropintest.CreateLeadTest"/>
  <system-out/>
</testsuite> <!-- com.testyantra.cropintest.CreateLeadTest -->
