<?xml version="1.0" encoding="UTF-8"?>
<!-- Generated by org.testng.reporters.JUnitReportReporter -->
<testsuite skipped="0" hostname="LAPTOP-U3C8G3RJ" name="com.testyantra.cropintest.CreateProductTest" tests="1" failures="0" timestamp="2021-04-04T19:28:57 IST" time="0.025" errors="0">
  <testcase name="CreateProduct" time="0.025" classname="com.testyantra.cropintest.CreateProductTest"/>
  <system-out/>
</testsuite> <!-- com.testyantra.cropintest.CreateProductTest -->
