<?xml version="1.0" encoding="UTF-8"?>
<!-- Generated by org.testng.reporters.JUnitReportReporter -->
<testsuite skipped="0" hostname="LAPTOP-U3C8G3RJ" name="com.testyantra.cropintest.CreateVendor" tests="1" failures="0" timestamp="2021-04-04T18:34:53 IST" time="0.511" errors="0">
  <testcase name="createContact" time="0.511" classname="com.testyantra.cropintest.CreateVendor"/>
  <system-out/>
</testsuite> <!-- com.testyantra.cropintest.CreateVendor -->
